<?xml version="1.0" encoding="UTF-8"?>
<testng-results skipped="0" failed="0" ignored="0" total="1" passed="1">
  <reporter-output>
  </reporter-output>
  <suite name="Suite" duration-ms="61" started-at="2019-09-25T10:29:46 IST" finished-at="2019-09-25T10:29:46 IST">
    <groups>
    </groups>
    <test name="Test" duration-ms="61" started-at="2019-09-25T10:29:46 IST" finished-at="2019-09-25T10:29:46 IST">
      <class name="Package_1.Hello_World">
        <test-method status="PASS" signature="beforeClass()[pri:0, instance:Package_1.Hello_World@382db087]" name="beforeClass" is-config="true" duration-ms="12" started-at="2019-09-25T10:29:46 IST" finished-at="2019-09-25T10:29:46 IST">
          <reporter-output>
          </reporter-output>
        </test-method> <!-- beforeClass -->
        <test-method status="PASS" signature="test()[pri:0, instance:Package_1.Hello_World@382db087]" name="test" duration-ms="5" started-at="2019-09-25T10:29:46 IST" finished-at="2019-09-25T10:29:46 IST">
          <reporter-output>
          </reporter-output>
        </test-method> <!-- test -->
      </class> <!-- Package_1.Hello_World -->
    </test> <!-- Test -->
  </suite> <!-- Suite -->
</testng-results>
